Determining if the pthread_create exist failed with the following output:
Change Dir: /home/changxinyu/CLionProjects/UImain_temp1/CMakeFiles/CMakeTmp

Run Build Command(s):/usr/bin/make cmTC_7fbc5/fast 
/usr/bin/make -f CMakeFiles/cmTC_7fbc5.dir/build.make CMakeFiles/cmTC_7fbc5.dir/build
make[1]: Entering directory '/home/changxinyu/CLionProjects/UImain_temp1/CMakeFiles/CMakeTmp'
Building C object CMakeFiles/cmTC_7fbc5.dir/CheckSymbolExists.c.o
/usr/bin/cc    -o CMakeFiles/cmTC_7fbc5.dir/CheckSymbolExists.c.o   -c /home/changxinyu/CLionProjects/UImain_temp1/CMakeFiles/CMakeTmp/CheckSymbolExists.c
Linking C executable cmTC_7fbc5
/home/changxinyu/clion-2019.2.1/bin/cmake/linux/bin/cmake -E cmake_link_script CMakeFiles/cmTC_7fbc5.dir/link.txt --verbose=1
/usr/bin/cc      -rdynamic CMakeFiles/cmTC_7fbc5.dir/CheckSymbolExists.c.o  -o cmTC_7fbc5 
CMakeFiles/cmTC_7fbc5.dir/CheckSymbolExists.c.o: In function `main':
CheckSymbolExists.c:(.text+0x1b): undefined reference to `pthread_create'
collect2: error: ld returned 1 exit status
CMakeFiles/cmTC_7fbc5.dir/build.make:86: recipe for target 'cmTC_7fbc5' failed
make[1]: *** [cmTC_7fbc5] Error 1
make[1]: Leaving directory '/home/changxinyu/CLionProjects/UImain_temp1/CMakeFiles/CMakeTmp'
Makefile:121: recipe for target 'cmTC_7fbc5/fast' failed
make: *** [cmTC_7fbc5/fast] Error 2

File /home/changxinyu/CLionProjects/UImain_temp1/CMakeFiles/CMakeTmp/CheckSymbolExists.c:
/* */
#include <pthread.h>

int main(int argc, char** argv)
{
  (void)argv;
#ifndef pthread_create
  return ((int*)(&pthread_create))[argc];
#else
  (void)argc;
  return 0;
#endif
}

Determining if the function pthread_create exists in the pthreads failed with the following output:
Change Dir: /home/changxinyu/CLionProjects/UImain_temp1/CMakeFiles/CMakeTmp

Run Build Command(s):/usr/bin/make cmTC_b21af/fast 
/usr/bin/make -f CMakeFiles/cmTC_b21af.dir/build.make CMakeFiles/cmTC_b21af.dir/build
make[1]: Entering directory '/home/changxinyu/CLionProjects/UImain_temp1/CMakeFiles/CMakeTmp'
Building C object CMakeFiles/cmTC_b21af.dir/CheckFunctionExists.c.o
/usr/bin/cc   -DCHECK_FUNCTION_EXISTS=pthread_create   -o CMakeFiles/cmTC_b21af.dir/CheckFunctionExists.c.o   -c /home/changxinyu/clion-2019.2.1/bin/cmake/linux/share/cmake-3.14/Modules/CheckFunctionExists.c
Linking C executable cmTC_b21af
/home/changxinyu/clion-2019.2.1/bin/cmake/linux/bin/cmake -E cmake_link_script CMakeFiles/cmTC_b21af.dir/link.txt --verbose=1
/usr/bin/cc  -DCHECK_FUNCTION_EXISTS=pthread_create    -rdynamic CMakeFiles/cmTC_b21af.dir/CheckFunctionExists.c.o  -o cmTC_b21af -lpthreads 
/usr/bin/ld: cannot find -lpthreads
collect2: error: ld returned 1 exit status
CMakeFiles/cmTC_b21af.dir/build.make:86: recipe for target 'cmTC_b21af' failed
make[1]: *** [cmTC_b21af] Error 1
make[1]: Leaving directory '/home/changxinyu/CLionProjects/UImain_temp1/CMakeFiles/CMakeTmp'
Makefile:121: recipe for target 'cmTC_b21af/fast' failed
make: *** [cmTC_b21af/fast] Error 2


