Determining if the pthread_create exist failed with the following output:
Change Dir: /home/xundi/github/seven_chat/cmake-build-debug/CMakeFiles/CMakeTmp

Run Build Command(s):/usr/bin/make cmTC_bbe90/fast 
/usr/bin/make -f CMakeFiles/cmTC_bbe90.dir/build.make CMakeFiles/cmTC_bbe90.dir/build
make[1]: Entering directory '/home/xundi/github/seven_chat/cmake-build-debug/CMakeFiles/CMakeTmp'
Building C object CMakeFiles/cmTC_bbe90.dir/CheckSymbolExists.c.o
/usr/bin/cc    -o CMakeFiles/cmTC_bbe90.dir/CheckSymbolExists.c.o   -c /home/xundi/github/seven_chat/cmake-build-debug/CMakeFiles/CMakeTmp/CheckSymbolExists.c
Linking C executable cmTC_bbe90
/home/xundi/Downloads/clion-2019.2.1/bin/cmake/linux/bin/cmake -E cmake_link_script CMakeFiles/cmTC_bbe90.dir/link.txt --verbose=1
/usr/bin/cc      -rdynamic CMakeFiles/cmTC_bbe90.dir/CheckSymbolExists.c.o  -o cmTC_bbe90 
CMakeFiles/cmTC_bbe90.dir/CheckSymbolExists.c.o: In function `main':
CheckSymbolExists.c:(.text+0x16): undefined reference to `pthread_create'
collect2: error: ld returned 1 exit status
CMakeFiles/cmTC_bbe90.dir/build.make:86: recipe for target 'cmTC_bbe90' failed
make[1]: *** [cmTC_bbe90] Error 1
make[1]: Leaving directory '/home/xundi/github/seven_chat/cmake-build-debug/CMakeFiles/CMakeTmp'
Makefile:121: recipe for target 'cmTC_bbe90/fast' failed
make: *** [cmTC_bbe90/fast] Error 2

File /home/xundi/github/seven_chat/cmake-build-debug/CMakeFiles/CMakeTmp/CheckSymbolExists.c:
/* */
#include <pthread.h>

int main(int argc, char** argv)
{
  (void)argv;
#ifndef pthread_create
  return ((int*)(&pthread_create))[argc];
#else
  (void)argc;
  return 0;
#endif
}

Determining if the function pthread_create exists in the pthreads failed with the following output:
Change Dir: /home/xundi/github/seven_chat/cmake-build-debug/CMakeFiles/CMakeTmp

Run Build Command(s):/usr/bin/make cmTC_52eb0/fast 
/usr/bin/make -f CMakeFiles/cmTC_52eb0.dir/build.make CMakeFiles/cmTC_52eb0.dir/build
make[1]: Entering directory '/home/xundi/github/seven_chat/cmake-build-debug/CMakeFiles/CMakeTmp'
Building C object CMakeFiles/cmTC_52eb0.dir/CheckFunctionExists.c.o
/usr/bin/cc   -DCHECK_FUNCTION_EXISTS=pthread_create   -o CMakeFiles/cmTC_52eb0.dir/CheckFunctionExists.c.o   -c /home/xundi/Downloads/clion-2019.2.1/bin/cmake/linux/share/cmake-3.14/Modules/CheckFunctionExists.c
Linking C executable cmTC_52eb0
/home/xundi/Downloads/clion-2019.2.1/bin/cmake/linux/bin/cmake -E cmake_link_script CMakeFiles/cmTC_52eb0.dir/link.txt --verbose=1
/usr/bin/cc  -DCHECK_FUNCTION_EXISTS=pthread_create    -rdynamic CMakeFiles/cmTC_52eb0.dir/CheckFunctionExists.c.o  -o cmTC_52eb0 -lpthreads 
/usr/bin/ld: cannot find -lpthreads
collect2: error: ld returned 1 exit status
CMakeFiles/cmTC_52eb0.dir/build.make:86: recipe for target 'cmTC_52eb0' failed
make[1]: *** [cmTC_52eb0] Error 1
make[1]: Leaving directory '/home/xundi/github/seven_chat/cmake-build-debug/CMakeFiles/CMakeTmp'
Makefile:121: recipe for target 'cmTC_52eb0/fast' failed
make: *** [cmTC_52eb0/fast] Error 2


