Determining if the pthread_create exist failed with the following output:
Change Dir: /home/changxinyu/CLionProjects/seven_chat_server1/CMakeFiles/CMakeTmp

Run Build Command(s):/usr/bin/make cmTC_251cd/fast 
/usr/bin/make -f CMakeFiles/cmTC_251cd.dir/build.make CMakeFiles/cmTC_251cd.dir/build
make[1]: Entering directory '/home/changxinyu/CLionProjects/seven_chat_server1/CMakeFiles/CMakeTmp'
Building C object CMakeFiles/cmTC_251cd.dir/CheckSymbolExists.c.o
/usr/bin/cc    -o CMakeFiles/cmTC_251cd.dir/CheckSymbolExists.c.o   -c /home/changxinyu/CLionProjects/seven_chat_server1/CMakeFiles/CMakeTmp/CheckSymbolExists.c
Linking C executable cmTC_251cd
/home/changxinyu/clion-2019.2.1/bin/cmake/linux/bin/cmake -E cmake_link_script CMakeFiles/cmTC_251cd.dir/link.txt --verbose=1
/usr/bin/cc      -rdynamic CMakeFiles/cmTC_251cd.dir/CheckSymbolExists.c.o  -o cmTC_251cd 
CMakeFiles/cmTC_251cd.dir/CheckSymbolExists.c.o: In function `main':
CheckSymbolExists.c:(.text+0x1b): undefined reference to `pthread_create'
collect2: error: ld returned 1 exit status
CMakeFiles/cmTC_251cd.dir/build.make:86: recipe for target 'cmTC_251cd' failed
make[1]: *** [cmTC_251cd] Error 1
make[1]: Leaving directory '/home/changxinyu/CLionProjects/seven_chat_server1/CMakeFiles/CMakeTmp'
Makefile:121: recipe for target 'cmTC_251cd/fast' failed
make: *** [cmTC_251cd/fast] Error 2

File /home/changxinyu/CLionProjects/seven_chat_server1/CMakeFiles/CMakeTmp/CheckSymbolExists.c:
/* */
#include <pthread.h>

int main(int argc, char** argv)
{
  (void)argv;
#ifndef pthread_create
  return ((int*)(&pthread_create))[argc];
#else
  (void)argc;
  return 0;
#endif
}

Determining if the function pthread_create exists in the pthreads failed with the following output:
Change Dir: /home/changxinyu/CLionProjects/seven_chat_server1/CMakeFiles/CMakeTmp

Run Build Command(s):/usr/bin/make cmTC_00fb8/fast 
/usr/bin/make -f CMakeFiles/cmTC_00fb8.dir/build.make CMakeFiles/cmTC_00fb8.dir/build
make[1]: Entering directory '/home/changxinyu/CLionProjects/seven_chat_server1/CMakeFiles/CMakeTmp'
Building C object CMakeFiles/cmTC_00fb8.dir/CheckFunctionExists.c.o
/usr/bin/cc   -DCHECK_FUNCTION_EXISTS=pthread_create   -o CMakeFiles/cmTC_00fb8.dir/CheckFunctionExists.c.o   -c /home/changxinyu/clion-2019.2.1/bin/cmake/linux/share/cmake-3.14/Modules/CheckFunctionExists.c
Linking C executable cmTC_00fb8
/home/changxinyu/clion-2019.2.1/bin/cmake/linux/bin/cmake -E cmake_link_script CMakeFiles/cmTC_00fb8.dir/link.txt --verbose=1
/usr/bin/cc  -DCHECK_FUNCTION_EXISTS=pthread_create    -rdynamic CMakeFiles/cmTC_00fb8.dir/CheckFunctionExists.c.o  -o cmTC_00fb8 -lpthreads 
/usr/bin/ld: cannot find -lpthreads
collect2: error: ld returned 1 exit status
CMakeFiles/cmTC_00fb8.dir/build.make:86: recipe for target 'cmTC_00fb8' failed
make[1]: *** [cmTC_00fb8] Error 1
make[1]: Leaving directory '/home/changxinyu/CLionProjects/seven_chat_server1/CMakeFiles/CMakeTmp'
Makefile:121: recipe for target 'cmTC_00fb8/fast' failed
make: *** [cmTC_00fb8/fast] Error 2


