Determining if the pthread_create exist failed with the following output:
Change Dir: /home/xundi/github/seven_chat/server/cmake-build-debug/CMakeFiles/CMakeTmp

Run Build Command(s):/usr/bin/make cmTC_1bf3a/fast 
/usr/bin/make -f CMakeFiles/cmTC_1bf3a.dir/build.make CMakeFiles/cmTC_1bf3a.dir/build
make[1]: Entering directory '/home/xundi/github/seven_chat/server/cmake-build-debug/CMakeFiles/CMakeTmp'
Building C object CMakeFiles/cmTC_1bf3a.dir/CheckSymbolExists.c.o
/usr/bin/cc    -o CMakeFiles/cmTC_1bf3a.dir/CheckSymbolExists.c.o   -c /home/xundi/github/seven_chat/server/cmake-build-debug/CMakeFiles/CMakeTmp/CheckSymbolExists.c
Linking C executable cmTC_1bf3a
/home/xundi/Downloads/clion-2019.2.1/bin/cmake/linux/bin/cmake -E cmake_link_script CMakeFiles/cmTC_1bf3a.dir/link.txt --verbose=1
/usr/bin/cc      -rdynamic CMakeFiles/cmTC_1bf3a.dir/CheckSymbolExists.c.o  -o cmTC_1bf3a 
CMakeFiles/cmTC_1bf3a.dir/CheckSymbolExists.c.o: In function `main':
CheckSymbolExists.c:(.text+0x16): undefined reference to `pthread_create'
collect2: error: ld returned 1 exit status
CMakeFiles/cmTC_1bf3a.dir/build.make:86: recipe for target 'cmTC_1bf3a' failed
make[1]: *** [cmTC_1bf3a] Error 1
make[1]: Leaving directory '/home/xundi/github/seven_chat/server/cmake-build-debug/CMakeFiles/CMakeTmp'
Makefile:121: recipe for target 'cmTC_1bf3a/fast' failed
make: *** [cmTC_1bf3a/fast] Error 2

File /home/xundi/github/seven_chat/server/cmake-build-debug/CMakeFiles/CMakeTmp/CheckSymbolExists.c:
/* */
#include <pthread.h>

int main(int argc, char** argv)
{
  (void)argv;
#ifndef pthread_create
  return ((int*)(&pthread_create))[argc];
#else
  (void)argc;
  return 0;
#endif
}

Determining if the function pthread_create exists in the pthreads failed with the following output:
Change Dir: /home/xundi/github/seven_chat/server/cmake-build-debug/CMakeFiles/CMakeTmp

Run Build Command(s):/usr/bin/make cmTC_7e7e0/fast 
/usr/bin/make -f CMakeFiles/cmTC_7e7e0.dir/build.make CMakeFiles/cmTC_7e7e0.dir/build
make[1]: Entering directory '/home/xundi/github/seven_chat/server/cmake-build-debug/CMakeFiles/CMakeTmp'
Building C object CMakeFiles/cmTC_7e7e0.dir/CheckFunctionExists.c.o
/usr/bin/cc   -DCHECK_FUNCTION_EXISTS=pthread_create   -o CMakeFiles/cmTC_7e7e0.dir/CheckFunctionExists.c.o   -c /home/xundi/Downloads/clion-2019.2.1/bin/cmake/linux/share/cmake-3.14/Modules/CheckFunctionExists.c
Linking C executable cmTC_7e7e0
/home/xundi/Downloads/clion-2019.2.1/bin/cmake/linux/bin/cmake -E cmake_link_script CMakeFiles/cmTC_7e7e0.dir/link.txt --verbose=1
/usr/bin/cc  -DCHECK_FUNCTION_EXISTS=pthread_create    -rdynamic CMakeFiles/cmTC_7e7e0.dir/CheckFunctionExists.c.o  -o cmTC_7e7e0 -lpthreads 
/usr/bin/ld: cannot find -lpthreads
collect2: error: ld returned 1 exit status
CMakeFiles/cmTC_7e7e0.dir/build.make:86: recipe for target 'cmTC_7e7e0' failed
make[1]: *** [cmTC_7e7e0] Error 1
make[1]: Leaving directory '/home/xundi/github/seven_chat/server/cmake-build-debug/CMakeFiles/CMakeTmp'
Makefile:121: recipe for target 'cmTC_7e7e0/fast' failed
make: *** [cmTC_7e7e0/fast] Error 2


