Determining if the pthread_create exist failed with the following output:
Change Dir: /home/xundi/github/tem/Immediate-Contact/client/cmake-build-debug/CMakeFiles/CMakeTmp

Run Build Command(s):/usr/bin/make cmTC_5110b/fast 
/usr/bin/make -f CMakeFiles/cmTC_5110b.dir/build.make CMakeFiles/cmTC_5110b.dir/build
make[1]: Entering directory '/home/xundi/github/tem/Immediate-Contact/client/cmake-build-debug/CMakeFiles/CMakeTmp'
Building C object CMakeFiles/cmTC_5110b.dir/CheckSymbolExists.c.o
/usr/bin/cc    -o CMakeFiles/cmTC_5110b.dir/CheckSymbolExists.c.o   -c /home/xundi/github/tem/Immediate-Contact/client/cmake-build-debug/CMakeFiles/CMakeTmp/CheckSymbolExists.c
Linking C executable cmTC_5110b
/home/xundi/Downloads/clion-2019.2.1/bin/cmake/linux/bin/cmake -E cmake_link_script CMakeFiles/cmTC_5110b.dir/link.txt --verbose=1
/usr/bin/cc      CMakeFiles/cmTC_5110b.dir/CheckSymbolExists.c.o  -o cmTC_5110b 
CMakeFiles/cmTC_5110b.dir/CheckSymbolExists.c.o: In function `main':
CheckSymbolExists.c:(.text+0x16): undefined reference to `pthread_create'
collect2: error: ld returned 1 exit status
CMakeFiles/cmTC_5110b.dir/build.make:86: recipe for target 'cmTC_5110b' failed
make[1]: *** [cmTC_5110b] Error 1
make[1]: Leaving directory '/home/xundi/github/tem/Immediate-Contact/client/cmake-build-debug/CMakeFiles/CMakeTmp'
Makefile:121: recipe for target 'cmTC_5110b/fast' failed
make: *** [cmTC_5110b/fast] Error 2

File /home/xundi/github/tem/Immediate-Contact/client/cmake-build-debug/CMakeFiles/CMakeTmp/CheckSymbolExists.c:
/* */
#include <pthread.h>

int main(int argc, char** argv)
{
  (void)argv;
#ifndef pthread_create
  return ((int*)(&pthread_create))[argc];
#else
  (void)argc;
  return 0;
#endif
}

Determining if the function pthread_create exists in the pthreads failed with the following output:
Change Dir: /home/xundi/github/tem/Immediate-Contact/client/cmake-build-debug/CMakeFiles/CMakeTmp

Run Build Command(s):/usr/bin/make cmTC_e7f7a/fast 
/usr/bin/make -f CMakeFiles/cmTC_e7f7a.dir/build.make CMakeFiles/cmTC_e7f7a.dir/build
make[1]: Entering directory '/home/xundi/github/tem/Immediate-Contact/client/cmake-build-debug/CMakeFiles/CMakeTmp'
Building C object CMakeFiles/cmTC_e7f7a.dir/CheckFunctionExists.c.o
/usr/bin/cc   -DCHECK_FUNCTION_EXISTS=pthread_create   -o CMakeFiles/cmTC_e7f7a.dir/CheckFunctionExists.c.o   -c /home/xundi/Downloads/clion-2019.2.1/bin/cmake/linux/share/cmake-3.14/Modules/CheckFunctionExists.c
Linking C executable cmTC_e7f7a
/home/xundi/Downloads/clion-2019.2.1/bin/cmake/linux/bin/cmake -E cmake_link_script CMakeFiles/cmTC_e7f7a.dir/link.txt --verbose=1
/usr/bin/cc  -DCHECK_FUNCTION_EXISTS=pthread_create    CMakeFiles/cmTC_e7f7a.dir/CheckFunctionExists.c.o  -o cmTC_e7f7a -lpthreads 
/usr/bin/ld: cannot find -lpthreads
collect2: error: ld returned 1 exit status
CMakeFiles/cmTC_e7f7a.dir/build.make:86: recipe for target 'cmTC_e7f7a' failed
make[1]: *** [cmTC_e7f7a] Error 1
make[1]: Leaving directory '/home/xundi/github/tem/Immediate-Contact/client/cmake-build-debug/CMakeFiles/CMakeTmp'
Makefile:121: recipe for target 'cmTC_e7f7a/fast' failed
make: *** [cmTC_e7f7a/fast] Error 2


