Determining if the pthread_create exist failed with the following output:
Change Dir: /home/xundi/github/0905_35/CMakeFiles/CMakeTmp

Run Build Command(s):/usr/bin/make cmTC_3b2f0/fast 
/usr/bin/make -f CMakeFiles/cmTC_3b2f0.dir/build.make CMakeFiles/cmTC_3b2f0.dir/build
make[1]: Entering directory '/home/xundi/github/0905_35/CMakeFiles/CMakeTmp'
Building C object CMakeFiles/cmTC_3b2f0.dir/CheckSymbolExists.c.o
/usr/bin/cc    -o CMakeFiles/cmTC_3b2f0.dir/CheckSymbolExists.c.o   -c /home/xundi/github/0905_35/CMakeFiles/CMakeTmp/CheckSymbolExists.c
Linking C executable cmTC_3b2f0
/home/xundi/Downloads/clion-2019.2.1/bin/cmake/linux/bin/cmake -E cmake_link_script CMakeFiles/cmTC_3b2f0.dir/link.txt --verbose=1
/usr/bin/cc      -rdynamic CMakeFiles/cmTC_3b2f0.dir/CheckSymbolExists.c.o  -o cmTC_3b2f0 
CMakeFiles/cmTC_3b2f0.dir/CheckSymbolExists.c.o: In function `main':
CheckSymbolExists.c:(.text+0x16): undefined reference to `pthread_create'
collect2: error: ld returned 1 exit status
CMakeFiles/cmTC_3b2f0.dir/build.make:86: recipe for target 'cmTC_3b2f0' failed
make[1]: *** [cmTC_3b2f0] Error 1
make[1]: Leaving directory '/home/xundi/github/0905_35/CMakeFiles/CMakeTmp'
Makefile:121: recipe for target 'cmTC_3b2f0/fast' failed
make: *** [cmTC_3b2f0/fast] Error 2

File /home/xundi/github/0905_35/CMakeFiles/CMakeTmp/CheckSymbolExists.c:
/* */
#include <pthread.h>

int main(int argc, char** argv)
{
  (void)argv;
#ifndef pthread_create
  return ((int*)(&pthread_create))[argc];
#else
  (void)argc;
  return 0;
#endif
}

Determining if the function pthread_create exists in the pthreads failed with the following output:
Change Dir: /home/xundi/github/0905_35/CMakeFiles/CMakeTmp

Run Build Command(s):/usr/bin/make cmTC_10cf3/fast 
/usr/bin/make -f CMakeFiles/cmTC_10cf3.dir/build.make CMakeFiles/cmTC_10cf3.dir/build
make[1]: Entering directory '/home/xundi/github/0905_35/CMakeFiles/CMakeTmp'
Building C object CMakeFiles/cmTC_10cf3.dir/CheckFunctionExists.c.o
/usr/bin/cc   -DCHECK_FUNCTION_EXISTS=pthread_create   -o CMakeFiles/cmTC_10cf3.dir/CheckFunctionExists.c.o   -c /home/xundi/Downloads/clion-2019.2.1/bin/cmake/linux/share/cmake-3.14/Modules/CheckFunctionExists.c
Linking C executable cmTC_10cf3
/home/xundi/Downloads/clion-2019.2.1/bin/cmake/linux/bin/cmake -E cmake_link_script CMakeFiles/cmTC_10cf3.dir/link.txt --verbose=1
/usr/bin/cc  -DCHECK_FUNCTION_EXISTS=pthread_create    -rdynamic CMakeFiles/cmTC_10cf3.dir/CheckFunctionExists.c.o  -o cmTC_10cf3 -lpthreads 
/usr/bin/ld: cannot find -lpthreads
collect2: error: ld returned 1 exit status
CMakeFiles/cmTC_10cf3.dir/build.make:86: recipe for target 'cmTC_10cf3' failed
make[1]: *** [cmTC_10cf3] Error 1
make[1]: Leaving directory '/home/xundi/github/0905_35/CMakeFiles/CMakeTmp'
Makefile:121: recipe for target 'cmTC_10cf3/fast' failed
make: *** [cmTC_10cf3/fast] Error 2


